0 info it worked if it ends with ok
1 verbose cli [ '/Users/HR10/.nvm/v0.10.25/bin/node',
1 verbose cli   '/Users/HR10/.nvm/v0.10.25/bin/npm',
1 verbose cli   'install',
1 verbose cli   'https://github.com/mhemesath/r2d3.git' ]
2 info using npm@1.3.24
3 info using node@v0.10.25
4 verbose readDependencies using package.json deps
5 verbose cache add [ 'https://github.com/mhemesath/r2d3.git', null ]
6 verbose cache add name=undefined spec="https://github.com/mhemesath/r2d3.git" args=["https://github.com/mhemesath/r2d3.git",null]
7 verbose parsed url { protocol: 'https:',
7 verbose parsed url   slashes: true,
7 verbose parsed url   auth: null,
7 verbose parsed url   host: 'github.com',
7 verbose parsed url   port: null,
7 verbose parsed url   hostname: 'github.com',
7 verbose parsed url   hash: null,
7 verbose parsed url   search: null,
7 verbose parsed url   query: null,
7 verbose parsed url   pathname: '/mhemesath/r2d3.git',
7 verbose parsed url   path: '/mhemesath/r2d3.git',
7 verbose parsed url   href: 'https://github.com/mhemesath/r2d3.git' }
8 silly lockFile 333eac28-ps-github-com-mhemesath-r2d3-git https://github.com/mhemesath/r2d3.git
9 verbose lock https://github.com/mhemesath/r2d3.git /Users/HR10/.npm/333eac28-ps-github-com-mhemesath-r2d3-git.lock
10 verbose addRemoteTarball [ 'https://github.com/mhemesath/r2d3.git', null ]
11 info retry fetch attempt 1 at 15:45:52
12 verbose fetch to= /var/folders/g7/89x8b4yx4tg8twr7rcqc5h2w0000gq/T/npm-6796-bU7uh4BZ/1396997152585-0.1751210461370647/tmp.tgz
13 http GET https://github.com/mhemesath/r2d3.git
14 http 200 https://github.com/mhemesath/r2d3.git
15 verbose tar unpack /var/folders/g7/89x8b4yx4tg8twr7rcqc5h2w0000gq/T/npm-6796-bU7uh4BZ/1396997152585-0.1751210461370647/tmp.tgz
16 silly lockFile a8a698c5-52585-0-1751210461370647-package tar:///var/folders/g7/89x8b4yx4tg8twr7rcqc5h2w0000gq/T/npm-6796-bU7uh4BZ/1396997152585-0.1751210461370647/package
17 verbose lock tar:///var/folders/g7/89x8b4yx4tg8twr7rcqc5h2w0000gq/T/npm-6796-bU7uh4BZ/1396997152585-0.1751210461370647/package /Users/HR10/.npm/a8a698c5-52585-0-1751210461370647-package.lock
18 silly lockFile abf9b988-52585-0-1751210461370647-tmp-tgz tar:///var/folders/g7/89x8b4yx4tg8twr7rcqc5h2w0000gq/T/npm-6796-bU7uh4BZ/1396997152585-0.1751210461370647/tmp.tgz
19 verbose lock tar:///var/folders/g7/89x8b4yx4tg8twr7rcqc5h2w0000gq/T/npm-6796-bU7uh4BZ/1396997152585-0.1751210461370647/tmp.tgz /Users/HR10/.npm/abf9b988-52585-0-1751210461370647-tmp-tgz.lock
20 silly gunzTarPerm modes [ '755', '644' ]
21 error not a package /var/folders/g7/89x8b4yx4tg8twr7rcqc5h2w0000gq/T/npm-6796-bU7uh4BZ/1396997152585-0.1751210461370647/tmp.tgz
22 silly lockFile a8a698c5-52585-0-1751210461370647-package tar:///var/folders/g7/89x8b4yx4tg8twr7rcqc5h2w0000gq/T/npm-6796-bU7uh4BZ/1396997152585-0.1751210461370647/package
23 silly lockFile a8a698c5-52585-0-1751210461370647-package tar:///var/folders/g7/89x8b4yx4tg8twr7rcqc5h2w0000gq/T/npm-6796-bU7uh4BZ/1396997152585-0.1751210461370647/package
24 silly lockFile abf9b988-52585-0-1751210461370647-tmp-tgz tar:///var/folders/g7/89x8b4yx4tg8twr7rcqc5h2w0000gq/T/npm-6796-bU7uh4BZ/1396997152585-0.1751210461370647/tmp.tgz
25 silly lockFile abf9b988-52585-0-1751210461370647-tmp-tgz tar:///var/folders/g7/89x8b4yx4tg8twr7rcqc5h2w0000gq/T/npm-6796-bU7uh4BZ/1396997152585-0.1751210461370647/tmp.tgz
26 silly lockFile 333eac28-ps-github-com-mhemesath-r2d3-git https://github.com/mhemesath/r2d3.git
27 silly lockFile 333eac28-ps-github-com-mhemesath-r2d3-git https://github.com/mhemesath/r2d3.git
28 error Error: ENOENT, open '/var/folders/g7/89x8b4yx4tg8twr7rcqc5h2w0000gq/T/npm-6796-bU7uh4BZ/1396997152585-0.1751210461370647/package/package.json'
29 error If you need help, you may report this *entire* log,
29 error including the npm and node versions, at:
29 error     <http://github.com/isaacs/npm/issues>
30 error System Darwin 13.1.0
31 error command "/Users/HR10/.nvm/v0.10.25/bin/node" "/Users/HR10/.nvm/v0.10.25/bin/npm" "install" "https://github.com/mhemesath/r2d3.git"
32 error cwd /Users/HR10/Code/IanLyons/JNC8
33 error node -v v0.10.25
34 error npm -v 1.3.24
35 error path /var/folders/g7/89x8b4yx4tg8twr7rcqc5h2w0000gq/T/npm-6796-bU7uh4BZ/1396997152585-0.1751210461370647/package/package.json
36 error code ENOENT
37 error errno 34
38 verbose exit [ 34, true ]
